<?xml version="1.0" encoding="UTF-8"?>
<!-- Generated by org.testng.reporters.JUnitReportReporter -->
<testsuite hostname="ZeeshanAhmed" failures="0" tests="1" name="docker.DockerWithFirefox2" time="20.363" errors="0" timestamp="2022-05-14T00:48:12 PKT" skipped="0">
  <testcase classname="docker.DockerWithFirefox2" name="testf2" time="20.363"/>
  <system-out>
    <![CDATA[testf2 test started
testf2 test passed]]>
  </system-out>
</testsuite> <!-- docker.DockerWithFirefox2 -->
