<?xml version="1.0" encoding="UTF-8"?>
<!-- Generated by org.testng.reporters.JUnitReportReporter -->
<testsuite hostname="ZeeshanAhmed" failures="0" tests="1" name="com.uiafw.cn.pn.testscripts.RegistrationTest" time="21.434" errors="0" timestamp="2022-05-14T00:48:12 PKT" skipped="0">
  <testcase classname="com.uiafw.cn.pn.testscripts.RegistrationTest" name="testLoginApplication" time="21.434"/>
  <system-out>
    <![CDATA[testLoginApplication test started
testLoginApplication test passed]]>
  </system-out>
</testsuite> <!-- com.uiafw.cn.pn.testscripts.RegistrationTest -->
