<?xml version="1.0" encoding="UTF-8"?>
<!-- Generated by org.testng.reporters.JUnitReportReporter -->
<testsuite hostname="zeeshan-ThinkPad-T440p" failures="0" tests="1" name="dockerproject.selenium.AppTest" time="0.027" errors="0" timestamp="2022-04-26T06:22:40 PKT" skipped="0">
  <testcase classname="dockerproject.selenium.AppTest" name="shouldAnswerWithTrue" time="0.027"/>
  <system-out/>
</testsuite> <!-- dockerproject.selenium.AppTest -->
