<?xml version="1.0" encoding="UTF-8"?>
<!-- Generated by org.testng.reporters.JUnitReportReporter -->
<testsuite hostname="ZeeshanAhmed" failures="0" tests="1" name="docker.DockerWithChrome1" time="16.513" errors="0" timestamp="2022-05-14T00:48:12 PKT" skipped="0">
  <testcase classname="docker.DockerWithChrome1" name="testc1" time="16.513"/>
  <system-out>
    <![CDATA[testc1 test started
testc1 test passed]]>
  </system-out>
</testsuite> <!-- docker.DockerWithChrome1 -->
