<?xml version="1.0" encoding="UTF-8"?>
<!-- Generated by org.testng.reporters.JUnitReportReporter -->
<testsuite hostname="ZeeshanAhmed" failures="0" tests="1" name="com.uiafw.cn.pn.testscripts.VerifyLowestFirstPriceSortTest" time="23.729" errors="0" timestamp="2022-05-14T00:48:12 PKT" skipped="0">
  <testcase classname="com.uiafw.cn.pn.testscripts.VerifyLowestFirstPriceSortTest" name="verifySortByLowestPricesFirst" time="23.729"/>
  <system-out>
    <![CDATA[verifySortByLowestPricesFirst test started
verifySortByLowestPricesFirst test passed]]>
  </system-out>
</testsuite> <!-- com.uiafw.cn.pn.testscripts.VerifyLowestFirstPriceSortTest -->
