<?xml version="1.0" encoding="UTF-8"?>
<!-- Generated by org.testng.reporters.JUnitReportReporter -->
<testsuite hostname="ZeeshanAhmed" failures="0" tests="1" name="docker.DockerWithChrome2" time="6.012" errors="0" timestamp="2022-05-14T00:48:12 PKT" skipped="0">
  <testcase classname="docker.DockerWithChrome2" name="testc2" time="6.012"/>
  <system-out>
    <![CDATA[testc2 test started
testc2 test passed]]>
  </system-out>
</testsuite> <!-- docker.DockerWithChrome2 -->
