<?xml version="1.0" encoding="UTF-8"?>
<!-- Generated by org.testng.reporters.JUnitReportReporter -->
<testsuite hostname="ZeeshanAhmed" failures="0" tests="1" name="docker.DockerWithFirefox1" time="11.720" errors="0" timestamp="2022-05-14T00:48:12 PKT" skipped="0">
  <testcase classname="docker.DockerWithFirefox1" name="testf1" time="11.720"/>
  <system-out>
    <![CDATA[testf1 test started
testf1 test passed]]>
  </system-out>
</testsuite> <!-- docker.DockerWithFirefox1 -->
